<?xml version="1.0" encoding="UTF-8"?>
<!-- Generated by org.testng.reporters.JUnitXMLReporter -->
<testsuite ignored="0" hostname="SLB-F3QB2X2" failures="1" tests="6" name="Personal Loan" time="0.056" errors="0" timestamp="2022-01-26T07:49:05 IST">
  <testcase classname="test.Sec19_139_testNG" name="test1" time="0.005"/>
  <testcase classname="test.Sec19_139_testNG" name="test6" time="0.002"/>
  <testcase classname="test.Sec19_139_testNG" name="test3" time="0.002"/>
  <testcase classname="test.Sec19_139_testNG2" name="test2" time="0.002"/>
  <testcase classname="test.Sec19_139_testNG2" name="test4" time="0.005">
    <failure type="java.lang.AssertionError" message="expected [true] but found [false]">
      <![CDATA[java.lang.AssertionError: expected [true] but found [false]
at test.Sec19_139_testNG2.test4(Sec19_139_testNG2.java:21)
at java.base/java.util.ArrayList.forEach(ArrayList.java:1511)
at java.base/java.util.concurrent.FutureTask.run(FutureTask.java:264)
at java.base/java.util.concurrent.ThreadPoolExecutor.runWorker(ThreadPoolExecutor.java:1130)
at java.base/java.util.concurrent.ThreadPoolExecutor$Worker.run(ThreadPoolExecutor.java:630)
at java.base/java.lang.Thread.run(Thread.java:832)
... Removed 22 stack frames]]>
    </failure>
  </testcase> <!-- test4 -->
  <testcase classname="test.Sec19_139_testNG" name="test7" time="0.007"/>
</testsuite> <!-- Personal Loan -->
