<?xml version="1.0" encoding="UTF-8"?>
<!-- Generated by org.testng.reporters.JUnitXMLReporter -->
<testsuite ignored="7" hostname="SLB-F3QB2X2" failures="1" tests="4" name="SmokeTest" time="0.056" errors="0" timestamp="2022-01-26T07:34:28 IST">
  <testcase classname="test.Sec19_139_testNG" name="test3" time="0.007"/>
  <testcase classname="test.Sec19_139_testNG2" name="test4" time="0.003">
    <failure type="java.lang.AssertionError" message="expected [true] but found [false]">
      <![CDATA[java.lang.AssertionError: expected [true] but found [false]
at test.Sec19_139_testNG2.test4(Sec19_139_testNG2.java:21)
at java.base/java.util.ArrayList.forEach(ArrayList.java:1511)
... Removed 31 stack frames]]>
    </failure>
  </testcase> <!-- test4 -->
  <testcase classname="test.Sec19_139_testNG3" name="test5" time="0.0"/>
  <testcase classname="test.Sec19_139_testNG3" name="webLoginCarLoan" time="0.002"/>
  <testcase classname="test.Sec19_139_testNG" name="test7" time="0.0">
    <ignored/>
  </testcase> <!-- test7 -->
  <testcase classname="test.Sec19_139_testNG" name="test1" time="0.0">
    <ignored/>
  </testcase> <!-- test1 -->
  <testcase classname="test.Sec19_139_testNG3" name="mobileLoginCarLoan" time="0.0">
    <ignored/>
  </testcase> <!-- mobileLoginCarLoan -->
  <testcase classname="test.Sec19_139_testNG3" name="AppLoginCarLoan" time="0.0">
    <ignored/>
  </testcase> <!-- AppLoginCarLoan -->
  <testcase classname="test.Sec19_139_testNG" name="test6" time="0.0">
    <ignored/>
  </testcase> <!-- test6 -->
  <testcase classname="test.Sec19_139_testNG2" name="test2" time="0.0">
    <ignored/>
  </testcase> <!-- test2 -->
  <testcase classname="test.Sec19_139_testNG3" name="mobileLoginCarLoan1" time="0.0">
    <ignored/>
  </testcase> <!-- mobileLoginCarLoan1 -->
</testsuite> <!-- SmokeTest -->
